<?xml version="1.0" encoding="UTF-8"?>
<testsuite name="com.github.bom4.springboot.web.IndexControllerTest" tests="1" skipped="0" failures="0" errors="0" timestamp="2022-01-19T09:05:59" hostname="DESKTOP-PG3I4OF" time="0.815">
  <properties/>
  <testcase name="메인페이지로딩" classname="com.github.bom4.springboot.web.IndexControllerTest" time="0.815"/>
  <system-out><![CDATA[2022-01-19 18:05:48.019  INFO 9044 --- [    Test worker] .b.t.c.SpringBootTestContextBootstrapper : Neither @ContextConfiguration nor @ContextHierarchy found for test class [com.github.bom4.springboot.web.IndexControllerTest], using SpringBootContextLoader
2022-01-19 18:05:48.021  INFO 9044 --- [    Test worker] o.s.t.c.support.AbstractContextLoader    : Could not detect default resource locations for test class [com.github.bom4.springboot.web.IndexControllerTest]: no resource found for suffixes {-context.xml, Context.groovy}.
2022-01-19 18:05:48.026  INFO 9044 --- [    Test worker] t.c.s.AnnotationConfigContextLoaderUtils : Could not detect default configuration classes for test class [com.github.bom4.springboot.web.IndexControllerTest]: IndexControllerTest does not declare any static, non-private, non-final, nested classes annotated with @Configuration.
2022-01-19 18:05:48.030  INFO 9044 --- [    Test worker] .b.t.c.SpringBootTestContextBootstrapper : Found @SpringBootConfiguration com.github.bom4.springboot.Application for test class com.github.bom4.springboot.web.IndexControllerTest
2022-01-19 18:05:48.034  INFO 9044 --- [    Test worker] .b.t.c.SpringBootTestContextBootstrapper : Loaded default TestExecutionListener class names from location [META-INF/spring.factories]: [org.springframework.boot.test.autoconfigure.restdocs.RestDocsTestExecutionListener, org.springframework.boot.test.autoconfigure.web.client.MockRestServiceServerResetTestExecutionListener, org.springframework.boot.test.autoconfigure.web.servlet.MockMvcPrintOnlyOnFailureTestExecutionListener, org.springframework.boot.test.autoconfigure.web.servlet.WebDriverTestExecutionListener, org.springframework.boot.test.mock.mockito.MockitoTestExecutionListener, org.springframework.boot.test.mock.mockito.ResetMocksTestExecutionListener, org.springframework.test.context.web.ServletTestExecutionListener, org.springframework.test.context.support.DirtiesContextBeforeModesTestExecutionListener, org.springframework.test.context.support.DependencyInjectionTestExecutionListener, org.springframework.test.context.support.DirtiesContextTestExecutionListener, org.springframework.test.context.transaction.TransactionalTestExecutionListener, org.springframework.test.context.jdbc.SqlScriptsTestExecutionListener]
2022-01-19 18:05:48.034  INFO 9044 --- [    Test worker] .b.t.c.SpringBootTestContextBootstrapper : Using TestExecutionListeners: [org.springframework.test.context.web.ServletTestExecutionListener@21353178, org.springframework.test.context.support.DirtiesContextBeforeModesTestExecutionListener@5ec8d2df, org.springframework.boot.test.mock.mockito.MockitoTestExecutionListener@b908fe9, org.springframework.boot.test.autoconfigure.SpringBootDependencyInjectionTestExecutionListener@25419add, org.springframework.test.context.support.DirtiesContextTestExecutionListener@2df7c1fc, org.springframework.test.context.transaction.TransactionalTestExecutionListener@35b1a0b7, org.springframework.test.context.jdbc.SqlScriptsTestExecutionListener@3ad19e2f, org.springframework.boot.test.autoconfigure.restdocs.RestDocsTestExecutionListener@13ef7cda, org.springframework.boot.test.autoconfigure.web.client.MockRestServiceServerResetTestExecutionListener@4b77a, org.springframework.boot.test.autoconfigure.web.servlet.MockMvcPrintOnlyOnFailureTestExecutionListener@38880bd5, org.springframework.boot.test.autoconfigure.web.servlet.WebDriverTestExecutionListener@e1eda0d, org.springframework.boot.test.mock.mockito.ResetMocksTestExecutionListener@66ff7eb8]

  .   ____          _            __ _ _
 /\\ / ___'_ __ _ _(_)_ __  __ _ \ \ \ \
( ( )\___ | '_ | '_| | '_ \/ _` | \ \ \ \
 \\/  ___)| |_)| | | | | || (_| |  ) ) ) )
  '  |____| .__|_| |_|_| |_\__, | / / / /
 =========|_|==============|___/=/_/_/_/
 :: Spring Boot ::        (v2.1.7.RELEASE)

2022-01-19 18:05:48.152  INFO 9044 --- [    Test worker] c.g.b.s.web.IndexControllerTest          : Starting IndexControllerTest on DESKTOP-PG3I4OF with PID 9044 (started by gmaru in C:\IdeaProjects\springboot-webService)
2022-01-19 18:05:48.155  INFO 9044 --- [    Test worker] c.g.b.s.web.IndexControllerTest          : No active profile set, falling back to default profiles: default
2022-01-19 18:05:49.078  INFO 9044 --- [    Test worker] .s.d.r.c.RepositoryConfigurationDelegate : Bootstrapping Spring Data repositories in DEFAULT mode.
2022-01-19 18:05:49.238  INFO 9044 --- [    Test worker] .s.d.r.c.RepositoryConfigurationDelegate : Finished Spring Data repository scanning in 139ms. Found 2 repository interfaces.
2022-01-19 18:05:49.932  INFO 9044 --- [    Test worker] trationDelegate$BeanPostProcessorChecker : Bean 'org.springframework.transaction.annotation.ProxyTransactionManagementConfiguration' of type [org.springframework.transaction.annotation.ProxyTransactionManagementConfiguration$$EnhancerBySpringCGLIB$$274edf6f] is not eligible for getting processed by all BeanPostProcessors (for example: not eligible for auto-proxying)
2022-01-19 18:05:50.733  INFO 9044 --- [    Test worker] o.s.b.w.embedded.tomcat.TomcatWebServer  : Tomcat initialized with port(s): 0 (http)
2022-01-19 18:05:50.794  INFO 9044 --- [    Test worker] o.apache.catalina.core.StandardService   : Starting service [Tomcat]
2022-01-19 18:05:50.795  INFO 9044 --- [    Test worker] org.apache.catalina.core.StandardEngine  : Starting Servlet engine: [Apache Tomcat/9.0.22]
2022-01-19 18:05:51.108  INFO 9044 --- [    Test worker] o.a.c.c.C.[Tomcat].[localhost].[/]       : Initializing Spring embedded WebApplicationContext
2022-01-19 18:05:51.109  INFO 9044 --- [    Test worker] o.s.web.context.ContextLoader            : Root WebApplicationContext: initialization completed in 2946 ms
2022-01-19 18:05:51.689  INFO 9044 --- [    Test worker] com.zaxxer.hikari.HikariDataSource       : HikariPool-1 - Starting...
2022-01-19 18:05:52.130  INFO 9044 --- [    Test worker] com.zaxxer.hikari.HikariDataSource       : HikariPool-1 - Start completed.
2022-01-19 18:05:52.415  INFO 9044 --- [    Test worker] o.hibernate.jpa.internal.util.LogHelper  : HHH000204: Processing PersistenceUnitInfo [
	name: default
	...]
2022-01-19 18:05:52.625  INFO 9044 --- [    Test worker] org.hibernate.Version                    : HHH000412: Hibernate Core {5.3.10.Final}
2022-01-19 18:05:52.632  INFO 9044 --- [    Test worker] org.hibernate.cfg.Environment            : HHH000206: hibernate.properties not found
2022-01-19 18:05:53.099  INFO 9044 --- [    Test worker] o.hibernate.annotations.common.Version   : HCANN000001: Hibernate Commons Annotations {5.0.4.Final}
2022-01-19 18:05:53.515  INFO 9044 --- [    Test worker] org.hibernate.dialect.Dialect            : HHH000400: Using dialect: org.hibernate.dialect.MySQL5InnoDBDialect
Hibernate: drop table if exists posts
Hibernate: drop table if exists user
Hibernate: create table posts (id bigint not null auto_increment, create_date datetime, modified_date datetime, author varchar(255), content TEXT not null, title varchar(500) not null, primary key (id)) engine=InnoDB
Hibernate: create table user (id bigint not null auto_increment, create_date datetime, modified_date datetime, email varchar(255) not null, name varchar(255) not null, picture varchar(255), role varchar(255) not null, primary key (id)) engine=InnoDB
2022-01-19 18:05:55.283  INFO 9044 --- [    Test worker] o.h.t.schema.internal.SchemaCreatorImpl  : HHH000476: Executing import script 'org.hibernate.tool.schema.internal.exec.ScriptSourceInputNonExistentImpl@7635b090'
2022-01-19 18:05:55.289  INFO 9044 --- [    Test worker] j.LocalContainerEntityManagerFactoryBean : Initialized JPA EntityManagerFactory for persistence unit 'default'
2022-01-19 18:05:56.653  INFO 9044 --- [    Test worker] o.h.h.i.QueryTranslatorFactoryInitiator  : HHH000397: Using ASTQueryTranslatorFactory
2022-01-19 18:05:57.697  INFO 9044 --- [    Test worker] o.s.s.web.DefaultSecurityFilterChain     : Creating filter chain: any request, [org.springframework.security.web.context.request.async.WebAsyncManagerIntegrationFilter@756ac41a, org.springframework.security.web.context.SecurityContextPersistenceFilter@4467919b, org.springframework.security.web.header.HeaderWriterFilter@646fd509, org.springframework.security.web.authentication.logout.LogoutFilter@7eddce4, org.springframework.security.oauth2.client.web.OAuth2AuthorizationRequestRedirectFilter@7bb46f12, org.springframework.security.oauth2.client.web.OAuth2LoginAuthenticationFilter@45dfa2f3, org.springframework.security.web.authentication.ui.DefaultLoginPageGeneratingFilter@33888c52, org.springframework.security.web.authentication.ui.DefaultLogoutPageGeneratingFilter@70928717, org.springframework.security.web.savedrequest.RequestCacheAwareFilter@6041851, org.springframework.security.web.servletapi.SecurityContextHolderAwareRequestFilter@1095bef9, org.springframework.security.web.authentication.AnonymousAuthenticationFilter@52ee785, org.springframework.security.web.session.SessionManagementFilter@7031ab44, org.springframework.security.web.access.ExceptionTranslationFilter@3617e7ae, org.springframework.security.web.access.intercept.FilterSecurityInterceptor@494fd4e5]
2022-01-19 18:05:58.549  INFO 9044 --- [    Test worker] o.s.s.concurrent.ThreadPoolTaskExecutor  : Initializing ExecutorService 'applicationTaskExecutor'
2022-01-19 18:05:58.694  WARN 9044 --- [    Test worker] aWebConfiguration$JpaWebMvcConfiguration : spring.jpa.open-in-view is enabled by default. Therefore, database queries may be performed during view rendering. Explicitly configure spring.jpa.open-in-view to disable this warning
2022-01-19 18:05:58.805  INFO 9044 --- [    Test worker] o.s.b.a.w.s.WelcomePageHandlerMapping    : Adding welcome page template: index
2022-01-19 18:05:59.708  INFO 9044 --- [    Test worker] s.a.ScheduledAnnotationBeanPostProcessor : No TaskScheduler/ScheduledExecutorService bean found for scheduled processing
2022-01-19 18:05:59.770  INFO 9044 --- [    Test worker] o.s.b.w.embedded.tomcat.TomcatWebServer  : Tomcat started on port(s): 4477 (http) with context path ''
2022-01-19 18:05:59.774  INFO 9044 --- [    Test worker] c.g.b.s.web.IndexControllerTest          : Started IndexControllerTest in 11.728 seconds (JVM running for 22.91)
2022-01-19 18:06:00.212  INFO 9044 --- [o-auto-1-exec-1] o.a.c.c.C.[Tomcat].[localhost].[/]       : Initializing Spring DispatcherServlet 'dispatcherServlet'
2022-01-19 18:06:00.212  INFO 9044 --- [o-auto-1-exec-1] o.s.web.servlet.DispatcherServlet        : Initializing Servlet 'dispatcherServlet'
2022-01-19 18:06:00.254  INFO 9044 --- [o-auto-1-exec-1] o.s.web.servlet.DispatcherServlet        : Completed initialization in 42 ms
Hibernate: select posts0_.id as id1_0_, posts0_.create_date as create_d2_0_, posts0_.modified_date as modified3_0_, posts0_.author as author4_0_, posts0_.content as content5_0_, posts0_.title as title6_0_ from posts posts0_ order by posts0_.id desc
]]></system-out>
  <system-err><![CDATA[]]></system-err>
</testsuite>
