<?xml version="1.0" encoding="UTF-8"?>
<testsuite name="com.github.bom4.springboot.web.IndexControllerTest" tests="1" skipped="0" failures="0" errors="0" timestamp="2022-01-20T05:16:56" hostname="DESKTOP-PG3I4OF" time="0.445">
  <properties/>
  <testcase name="메인페이지로딩" classname="com.github.bom4.springboot.web.IndexControllerTest" time="0.445"/>
  <system-out><![CDATA[2022-01-20 14:16:52.652  INFO 12372 --- [    Test worker] .b.t.c.SpringBootTestContextBootstrapper : Neither @ContextConfiguration nor @ContextHierarchy found for test class [com.github.bom4.springboot.web.IndexControllerTest], using SpringBootContextLoader
2022-01-20 14:16:52.657  INFO 12372 --- [    Test worker] o.s.t.c.support.AbstractContextLoader    : Could not detect default resource locations for test class [com.github.bom4.springboot.web.IndexControllerTest]: no resource found for suffixes {-context.xml, Context.groovy}.
2022-01-20 14:16:52.658  INFO 12372 --- [    Test worker] t.c.s.AnnotationConfigContextLoaderUtils : Could not detect default configuration classes for test class [com.github.bom4.springboot.web.IndexControllerTest]: IndexControllerTest does not declare any static, non-private, non-final, nested classes annotated with @Configuration.
2022-01-20 14:16:52.668  INFO 12372 --- [    Test worker] .b.t.c.SpringBootTestContextBootstrapper : Found @SpringBootConfiguration com.github.bom4.springboot.Application for test class com.github.bom4.springboot.web.IndexControllerTest
2022-01-20 14:16:52.670  INFO 12372 --- [    Test worker] .b.t.c.SpringBootTestContextBootstrapper : Loaded default TestExecutionListener class names from location [META-INF/spring.factories]: [org.springframework.security.test.context.support.WithSecurityContextTestExecutionListener, org.springframework.security.test.context.support.ReactorContextTestExecutionListener, org.springframework.boot.test.autoconfigure.restdocs.RestDocsTestExecutionListener, org.springframework.boot.test.autoconfigure.web.client.MockRestServiceServerResetTestExecutionListener, org.springframework.boot.test.autoconfigure.web.servlet.MockMvcPrintOnlyOnFailureTestExecutionListener, org.springframework.boot.test.autoconfigure.web.servlet.WebDriverTestExecutionListener, org.springframework.boot.test.mock.mockito.MockitoTestExecutionListener, org.springframework.boot.test.mock.mockito.ResetMocksTestExecutionListener, org.springframework.test.context.web.ServletTestExecutionListener, org.springframework.test.context.support.DirtiesContextBeforeModesTestExecutionListener, org.springframework.test.context.support.DependencyInjectionTestExecutionListener, org.springframework.test.context.support.DirtiesContextTestExecutionListener, org.springframework.test.context.transaction.TransactionalTestExecutionListener, org.springframework.test.context.jdbc.SqlScriptsTestExecutionListener]
2022-01-20 14:16:52.685  INFO 12372 --- [    Test worker] .b.t.c.SpringBootTestContextBootstrapper : Using TestExecutionListeners: [org.springframework.test.context.web.ServletTestExecutionListener@343e2d1d, org.springframework.test.context.support.DirtiesContextBeforeModesTestExecutionListener@5a4eb929, org.springframework.boot.test.mock.mockito.MockitoTestExecutionListener@15f12bf9, org.springframework.boot.test.autoconfigure.SpringBootDependencyInjectionTestExecutionListener@78fbd9a, org.springframework.test.context.support.DirtiesContextTestExecutionListener@421c2eb3, org.springframework.test.context.transaction.TransactionalTestExecutionListener@6db44028, org.springframework.test.context.jdbc.SqlScriptsTestExecutionListener@71061084, org.springframework.security.test.context.support.WithSecurityContextTestExecutionListener@b1f0053, org.springframework.security.test.context.support.ReactorContextTestExecutionListener@2855ce35, org.springframework.boot.test.autoconfigure.restdocs.RestDocsTestExecutionListener@67af6e17, org.springframework.boot.test.autoconfigure.web.client.MockRestServiceServerResetTestExecutionListener@26ecc056, org.springframework.boot.test.autoconfigure.web.servlet.MockMvcPrintOnlyOnFailureTestExecutionListener@55824140, org.springframework.boot.test.autoconfigure.web.servlet.WebDriverTestExecutionListener@53a009a3, org.springframework.boot.test.mock.mockito.ResetMocksTestExecutionListener@4fe30a16]

  .   ____          _            __ _ _
 /\\ / ___'_ __ _ _(_)_ __  __ _ \ \ \ \
( ( )\___ | '_ | '_| | '_ \/ _` | \ \ \ \
 \\/  ___)| |_)| | | | | || (_| |  ) ) ) )
  '  |____| .__|_| |_|_| |_\__, | / / / /
 =========|_|==============|___/=/_/_/_/
 :: Spring Boot ::        (v2.1.7.RELEASE)

2022-01-20 14:16:52.767  INFO 12372 --- [    Test worker] c.g.b.s.web.IndexControllerTest          : Starting IndexControllerTest on DESKTOP-PG3I4OF with PID 12372 (started by gmaru in C:\IdeaProjects\springboot-webService)
2022-01-20 14:16:52.768  INFO 12372 --- [    Test worker] c.g.b.s.web.IndexControllerTest          : No active profile set, falling back to default profiles: default
2022-01-20 14:16:53.218  INFO 12372 --- [    Test worker] .s.d.r.c.RepositoryConfigurationDelegate : Bootstrapping Spring Data repositories in DEFAULT mode.
2022-01-20 14:16:53.255  INFO 12372 --- [    Test worker] .s.d.r.c.RepositoryConfigurationDelegate : Finished Spring Data repository scanning in 35ms. Found 2 repository interfaces.
2022-01-20 14:16:53.433  INFO 12372 --- [    Test worker] trationDelegate$BeanPostProcessorChecker : Bean 'org.springframework.transaction.annotation.ProxyTransactionManagementConfiguration' of type [org.springframework.transaction.annotation.ProxyTransactionManagementConfiguration$$EnhancerBySpringCGLIB$$db1c92da] is not eligible for getting processed by all BeanPostProcessors (for example: not eligible for auto-proxying)
2022-01-20 14:16:53.846  INFO 12372 --- [    Test worker] o.s.b.w.embedded.tomcat.TomcatWebServer  : Tomcat initialized with port(s): 0 (http)
2022-01-20 14:16:53.908  INFO 12372 --- [    Test worker] o.apache.catalina.core.StandardService   : Starting service [Tomcat]
2022-01-20 14:16:53.910  INFO 12372 --- [    Test worker] org.apache.catalina.core.StandardEngine  : Starting Servlet engine: [Apache Tomcat/9.0.22]
2022-01-20 14:16:54.194  INFO 12372 --- [    Test worker] o.a.c.c.C.[Tomcat].[localhost].[/]       : Initializing Spring embedded WebApplicationContext
2022-01-20 14:16:54.194  INFO 12372 --- [    Test worker] o.s.web.context.ContextLoader            : Root WebApplicationContext: initialization completed in 1417 ms
2022-01-20 14:16:54.540  INFO 12372 --- [    Test worker] com.zaxxer.hikari.HikariDataSource       : HikariPool-2 - Starting...
2022-01-20 14:16:54.543  INFO 12372 --- [    Test worker] com.zaxxer.hikari.HikariDataSource       : HikariPool-2 - Start completed.
2022-01-20 14:16:54.606  INFO 12372 --- [    Test worker] o.hibernate.jpa.internal.util.LogHelper  : HHH000204: Processing PersistenceUnitInfo [
	name: default
	...]
2022-01-20 14:16:54.629  INFO 12372 --- [    Test worker] org.hibernate.dialect.Dialect            : HHH000400: Using dialect: org.hibernate.dialect.MySQL5InnoDBDialect
Hibernate: drop table if exists posts
Hibernate: drop table if exists user
Hibernate: create table posts (id bigint not null auto_increment, create_date datetime, modified_date datetime, author varchar(255), content TEXT not null, title varchar(500) not null, primary key (id)) engine=InnoDB
Hibernate: create table user (id bigint not null auto_increment, create_date datetime, modified_date datetime, email varchar(255) not null, name varchar(255) not null, picture varchar(255), role varchar(255) not null, primary key (id)) engine=InnoDB
2022-01-20 14:16:54.733  INFO 12372 --- [    Test worker] o.h.t.schema.internal.SchemaCreatorImpl  : HHH000476: Executing import script 'org.hibernate.tool.schema.internal.exec.ScriptSourceInputNonExistentImpl@963a281'
2022-01-20 14:16:54.734  INFO 12372 --- [    Test worker] j.LocalContainerEntityManagerFactoryBean : Initialized JPA EntityManagerFactory for persistence unit 'default'
2022-01-20 14:16:55.377  INFO 12372 --- [    Test worker] o.h.h.i.QueryTranslatorFactoryInitiator  : HHH000397: Using ASTQueryTranslatorFactory
2022-01-20 14:16:55.714  INFO 12372 --- [    Test worker] o.s.s.web.DefaultSecurityFilterChain     : Creating filter chain: any request, [org.springframework.security.web.context.request.async.WebAsyncManagerIntegrationFilter@4da1c0ba, org.springframework.security.web.context.SecurityContextPersistenceFilter@30c2ef58, org.springframework.security.web.header.HeaderWriterFilter@daf991c, org.springframework.security.web.authentication.logout.LogoutFilter@470f87d2, org.springframework.security.oauth2.client.web.OAuth2AuthorizationRequestRedirectFilter@29cebf18, org.springframework.security.oauth2.client.web.OAuth2LoginAuthenticationFilter@ad36f83, org.springframework.security.web.authentication.ui.DefaultLoginPageGeneratingFilter@60901cb7, org.springframework.security.web.authentication.ui.DefaultLogoutPageGeneratingFilter@2b621cb4, org.springframework.security.web.savedrequest.RequestCacheAwareFilter@13dc7d6b, org.springframework.security.web.servletapi.SecurityContextHolderAwareRequestFilter@624a7175, org.springframework.security.web.authentication.AnonymousAuthenticationFilter@770840bf, org.springframework.security.web.session.SessionManagementFilter@b912932, org.springframework.security.web.access.ExceptionTranslationFilter@a753902, org.springframework.security.web.access.intercept.FilterSecurityInterceptor@5b27a04a]
2022-01-20 14:16:56.120  INFO 12372 --- [    Test worker] o.s.s.concurrent.ThreadPoolTaskExecutor  : Initializing ExecutorService 'applicationTaskExecutor'
2022-01-20 14:16:56.151  WARN 12372 --- [    Test worker] aWebConfiguration$JpaWebMvcConfiguration : spring.jpa.open-in-view is enabled by default. Therefore, database queries may be performed during view rendering. Explicitly configure spring.jpa.open-in-view to disable this warning
2022-01-20 14:16:56.207  INFO 12372 --- [    Test worker] o.s.b.a.w.s.WelcomePageHandlerMapping    : Adding welcome page template: index
2022-01-20 14:16:56.741  INFO 12372 --- [    Test worker] s.a.ScheduledAnnotationBeanPostProcessor : No TaskScheduler/ScheduledExecutorService bean found for scheduled processing
2022-01-20 14:16:56.780  INFO 12372 --- [    Test worker] o.s.b.w.embedded.tomcat.TomcatWebServer  : Tomcat started on port(s): 2945 (http) with context path ''
2022-01-20 14:16:56.782  INFO 12372 --- [    Test worker] c.g.b.s.web.IndexControllerTest          : Started IndexControllerTest in 4.09 seconds (JVM running for 22.558)
2022-01-20 14:16:57.011  INFO 12372 --- [o-auto-1-exec-1] o.a.c.c.C.[Tomcat].[localhost].[/]       : Initializing Spring DispatcherServlet 'dispatcherServlet'
2022-01-20 14:16:57.012  INFO 12372 --- [o-auto-1-exec-1] o.s.web.servlet.DispatcherServlet        : Initializing Servlet 'dispatcherServlet'
2022-01-20 14:16:57.051  INFO 12372 --- [o-auto-1-exec-1] o.s.web.servlet.DispatcherServlet        : Completed initialization in 39 ms
Hibernate: select posts0_.id as id1_0_, posts0_.create_date as create_d2_0_, posts0_.modified_date as modified3_0_, posts0_.author as author4_0_, posts0_.content as content5_0_, posts0_.title as title6_0_ from posts posts0_ order by posts0_.id desc
]]></system-out>
  <system-err><![CDATA[]]></system-err>
</testsuite>
