<?xml version="1.0" encoding="UTF-8"?>
<testsuite name="com.github.bom4.springboot.web.HelloControllerTest" tests="2" skipped="0" failures="0" errors="0" timestamp="2022-01-20T05:16:43" hostname="DESKTOP-PG3I4OF" time="0.872">
  <properties/>
  <testcase name="helloDto리턴" classname="com.github.bom4.springboot.web.HelloControllerTest" time="0.857"/>
  <testcase name="hello리턴" classname="com.github.bom4.springboot.web.HelloControllerTest" time="0.013"/>
  <system-out><![CDATA[14:16:36.497 [Test worker] DEBUG org.springframework.test.context.junit4.SpringJUnit4ClassRunner - SpringJUnit4ClassRunner constructor called with [class com.github.bom4.springboot.web.HelloControllerTest]
14:16:36.515 [Test worker] DEBUG org.springframework.test.context.BootstrapUtils - Instantiating CacheAwareContextLoaderDelegate from class [org.springframework.test.context.cache.DefaultCacheAwareContextLoaderDelegate]
14:16:36.531 [Test worker] DEBUG org.springframework.test.context.BootstrapUtils - Instantiating BootstrapContext using constructor [public org.springframework.test.context.support.DefaultBootstrapContext(java.lang.Class,org.springframework.test.context.CacheAwareContextLoaderDelegate)]
14:16:36.565 [Test worker] DEBUG org.springframework.test.context.BootstrapUtils - Instantiating TestContextBootstrapper for test class [com.github.bom4.springboot.web.HelloControllerTest] from class [org.springframework.boot.test.autoconfigure.web.servlet.WebMvcTestContextBootstrapper]
14:16:36.609 [Test worker] INFO org.springframework.boot.test.autoconfigure.web.servlet.WebMvcTestContextBootstrapper - Neither @ContextConfiguration nor @ContextHierarchy found for test class [com.github.bom4.springboot.web.HelloControllerTest], using SpringBootContextLoader
14:16:36.627 [Test worker] DEBUG org.springframework.test.context.support.AbstractContextLoader - Did not detect default resource location for test class [com.github.bom4.springboot.web.HelloControllerTest]: class path resource [com/github/bom4/springboot/web/HelloControllerTest-context.xml] does not exist
14:16:36.629 [Test worker] DEBUG org.springframework.test.context.support.AbstractContextLoader - Did not detect default resource location for test class [com.github.bom4.springboot.web.HelloControllerTest]: class path resource [com/github/bom4/springboot/web/HelloControllerTestContext.groovy] does not exist
14:16:36.630 [Test worker] INFO org.springframework.test.context.support.AbstractContextLoader - Could not detect default resource locations for test class [com.github.bom4.springboot.web.HelloControllerTest]: no resource found for suffixes {-context.xml, Context.groovy}.
14:16:36.632 [Test worker] INFO org.springframework.test.context.support.AnnotationConfigContextLoaderUtils - Could not detect default configuration classes for test class [com.github.bom4.springboot.web.HelloControllerTest]: HelloControllerTest does not declare any static, non-private, non-final, nested classes annotated with @Configuration.
14:16:36.808 [Test worker] DEBUG org.springframework.test.context.support.ActiveProfilesUtils - Could not find an 'annotation declaring class' for annotation type [org.springframework.test.context.ActiveProfiles] and class [com.github.bom4.springboot.web.HelloControllerTest]
14:16:37.021 [Test worker] DEBUG org.springframework.context.annotation.ClassPathScanningCandidateComponentProvider - Identified candidate component class: file [C:\IdeaProjects\springboot-webService\build\classes\java\main\com\github\bom4\springboot\Application.class]
14:16:37.025 [Test worker] INFO org.springframework.boot.test.context.SpringBootTestContextBootstrapper - Found @SpringBootConfiguration com.github.bom4.springboot.Application for test class com.github.bom4.springboot.web.HelloControllerTest
14:16:37.029 [Test worker] DEBUG org.springframework.boot.test.autoconfigure.web.servlet.WebMvcTestContextBootstrapper - @TestExecutionListeners is not present for class [com.github.bom4.springboot.web.HelloControllerTest]: using defaults.
14:16:37.030 [Test worker] INFO org.springframework.boot.test.autoconfigure.web.servlet.WebMvcTestContextBootstrapper - Loaded default TestExecutionListener class names from location [META-INF/spring.factories]: [org.springframework.security.test.context.support.WithSecurityContextTestExecutionListener, org.springframework.security.test.context.support.ReactorContextTestExecutionListener, org.springframework.boot.test.autoconfigure.restdocs.RestDocsTestExecutionListener, org.springframework.boot.test.autoconfigure.web.client.MockRestServiceServerResetTestExecutionListener, org.springframework.boot.test.autoconfigure.web.servlet.MockMvcPrintOnlyOnFailureTestExecutionListener, org.springframework.boot.test.autoconfigure.web.servlet.WebDriverTestExecutionListener, org.springframework.boot.test.mock.mockito.MockitoTestExecutionListener, org.springframework.boot.test.mock.mockito.ResetMocksTestExecutionListener, org.springframework.test.context.web.ServletTestExecutionListener, org.springframework.test.context.support.DirtiesContextBeforeModesTestExecutionListener, org.springframework.test.context.support.DependencyInjectionTestExecutionListener, org.springframework.test.context.support.DirtiesContextTestExecutionListener, org.springframework.test.context.transaction.TransactionalTestExecutionListener, org.springframework.test.context.jdbc.SqlScriptsTestExecutionListener]
14:16:37.119 [Test worker] INFO org.springframework.boot.test.autoconfigure.web.servlet.WebMvcTestContextBootstrapper - Using TestExecutionListeners: [org.springframework.test.context.web.ServletTestExecutionListener@564bc219, org.springframework.test.context.support.DirtiesContextBeforeModesTestExecutionListener@3b4d4d6a, org.springframework.boot.test.mock.mockito.MockitoTestExecutionListener@244f2661, org.springframework.boot.test.autoconfigure.SpringBootDependencyInjectionTestExecutionListener@a4ab26b, org.springframework.test.context.support.DirtiesContextTestExecutionListener@219f231, org.springframework.test.context.transaction.TransactionalTestExecutionListener@53eed905, org.springframework.test.context.jdbc.SqlScriptsTestExecutionListener@ecf8137, org.springframework.security.test.context.support.WithSecurityContextTestExecutionListener@51c9b36f, org.springframework.security.test.context.support.ReactorContextTestExecutionListener@1c0c5b1d, org.springframework.boot.test.autoconfigure.restdocs.RestDocsTestExecutionListener@390f9f68, org.springframework.boot.test.autoconfigure.web.client.MockRestServiceServerResetTestExecutionListener@4bbb7747, org.springframework.boot.test.autoconfigure.web.servlet.MockMvcPrintOnlyOnFailureTestExecutionListener@5775f794, org.springframework.boot.test.autoconfigure.web.servlet.WebDriverTestExecutionListener@295f9ad4, org.springframework.boot.test.mock.mockito.ResetMocksTestExecutionListener@6c6ea448]
14:16:37.126 [Test worker] DEBUG org.springframework.test.annotation.ProfileValueUtils - Retrieved @ProfileValueSourceConfiguration [null] for test class [com.github.bom4.springboot.web.HelloControllerTest]
14:16:37.128 [Test worker] DEBUG org.springframework.test.annotation.ProfileValueUtils - Retrieved ProfileValueSource type [class org.springframework.test.annotation.SystemProfileValueSource] for class [com.github.bom4.springboot.web.HelloControllerTest]
14:16:37.130 [Test worker] DEBUG org.springframework.test.annotation.ProfileValueUtils - Retrieved @ProfileValueSourceConfiguration [null] for test class [com.github.bom4.springboot.web.HelloControllerTest]
14:16:37.130 [Test worker] DEBUG org.springframework.test.annotation.ProfileValueUtils - Retrieved ProfileValueSource type [class org.springframework.test.annotation.SystemProfileValueSource] for class [com.github.bom4.springboot.web.HelloControllerTest]
14:16:37.148 [Test worker] DEBUG org.springframework.test.context.support.AbstractDirtiesContextTestExecutionListener - Before test class: context [DefaultTestContext@7ed334c5 testClass = HelloControllerTest, testInstance = [null], testMethod = [null], testException = [null], mergedContextConfiguration = [WebMergedContextConfiguration@69cb7385 testClass = HelloControllerTest, locations = '{}', classes = '{class com.github.bom4.springboot.Application}', contextInitializerClasses = '[]', activeProfiles = '{}', propertySourceLocations = '{}', propertySourceProperties = '{org.springframework.boot.test.autoconfigure.web.servlet.WebMvcTestContextBootstrapper=true}', contextCustomizers = set[org.springframework.boot.test.autoconfigure.OverrideAutoConfigurationContextCustomizerFactory$DisableAutoConfigurationContextCustomizer@796f6dfa, org.springframework.boot.test.autoconfigure.filter.TypeExcludeFiltersContextCustomizer@e7586909, org.springframework.boot.test.autoconfigure.properties.PropertyMappingContextCustomizer@989c00a9, org.springframework.boot.test.autoconfigure.web.servlet.WebDriverContextCustomizerFactory$Customizer@57527465, [ImportsContextCustomizer@56a110f7 key = [org.springframework.boot.autoconfigure.cache.CacheAutoConfiguration, org.springframework.boot.autoconfigure.context.MessageSourceAutoConfiguration, org.springframework.boot.autoconfigure.data.web.SpringDataWebAutoConfiguration, org.springframework.boot.autoconfigure.freemarker.FreeMarkerAutoConfiguration, org.springframework.boot.autoconfigure.groovy.template.GroovyTemplateAutoConfiguration, org.springframework.boot.autoconfigure.gson.GsonAutoConfiguration, org.springframework.boot.autoconfigure.hateoas.HypermediaAutoConfiguration, org.springframework.boot.autoconfigure.http.HttpMessageConvertersAutoConfiguration, org.springframework.boot.autoconfigure.jackson.JacksonAutoConfiguration, org.springframework.boot.autoconfigure.jsonb.JsonbAutoConfiguration, org.springframework.boot.autoconfigure.mustache.MustacheAutoConfiguration, org.springframework.boot.autoconfigure.task.TaskExecutionAutoConfiguration, org.springframework.boot.autoconfigure.thymeleaf.ThymeleafAutoConfiguration, org.springframework.boot.autoconfigure.validation.ValidationAutoConfiguration, org.springframework.boot.autoconfigure.web.servlet.error.ErrorMvcAutoConfiguration, org.springframework.boot.autoconfigure.web.servlet.WebMvcAutoConfiguration, org.springframework.boot.test.autoconfigure.web.servlet.MockMvcAutoConfiguration, org.springframework.boot.test.autoconfigure.web.servlet.MockMvcSecurityAutoConfiguration, org.springframework.boot.test.autoconfigure.web.servlet.MockMvcWebClientAutoConfiguration, org.springframework.boot.test.autoconfigure.web.servlet.MockMvcWebDriverAutoConfiguration]], org.springframework.boot.test.context.filter.ExcludeFilterContextCustomizer@41fd0079, org.springframework.boot.test.json.DuplicateJsonObjectContextCustomizerFactory$DuplicateJsonObjectContextCustomizer@5874e98b, org.springframework.boot.test.mock.mockito.MockitoContextCustomizer@0], resourceBasePath = 'src/main/webapp', contextLoader = 'org.springframework.boot.test.context.SpringBootContextLoader', parent = [null]], attributes = map[[empty]]], class annotated with @DirtiesContext [false] with mode [null].
14:16:37.153 [Test worker] DEBUG org.springframework.test.annotation.ProfileValueUtils - Retrieved @ProfileValueSourceConfiguration [null] for test class [com.github.bom4.springboot.web.HelloControllerTest]
14:16:37.153 [Test worker] DEBUG org.springframework.test.annotation.ProfileValueUtils - Retrieved ProfileValueSource type [class org.springframework.test.annotation.SystemProfileValueSource] for class [com.github.bom4.springboot.web.HelloControllerTest]
14:16:37.192 [Test worker] DEBUG org.springframework.test.context.support.DependencyInjectionTestExecutionListener - Performing dependency injection for test context [[DefaultTestContext@7ed334c5 testClass = HelloControllerTest, testInstance = com.github.bom4.springboot.web.HelloControllerTest@16cc5ac6, testMethod = [null], testException = [null], mergedContextConfiguration = [WebMergedContextConfiguration@69cb7385 testClass = HelloControllerTest, locations = '{}', classes = '{class com.github.bom4.springboot.Application}', contextInitializerClasses = '[]', activeProfiles = '{}', propertySourceLocations = '{}', propertySourceProperties = '{org.springframework.boot.test.autoconfigure.web.servlet.WebMvcTestContextBootstrapper=true}', contextCustomizers = set[org.springframework.boot.test.autoconfigure.OverrideAutoConfigurationContextCustomizerFactory$DisableAutoConfigurationContextCustomizer@796f6dfa, org.springframework.boot.test.autoconfigure.filter.TypeExcludeFiltersContextCustomizer@e7586909, org.springframework.boot.test.autoconfigure.properties.PropertyMappingContextCustomizer@989c00a9, org.springframework.boot.test.autoconfigure.web.servlet.WebDriverContextCustomizerFactory$Customizer@57527465, [ImportsContextCustomizer@56a110f7 key = [org.springframework.boot.autoconfigure.cache.CacheAutoConfiguration, org.springframework.boot.autoconfigure.context.MessageSourceAutoConfiguration, org.springframework.boot.autoconfigure.data.web.SpringDataWebAutoConfiguration, org.springframework.boot.autoconfigure.freemarker.FreeMarkerAutoConfiguration, org.springframework.boot.autoconfigure.groovy.template.GroovyTemplateAutoConfiguration, org.springframework.boot.autoconfigure.gson.GsonAutoConfiguration, org.springframework.boot.autoconfigure.hateoas.HypermediaAutoConfiguration, org.springframework.boot.autoconfigure.http.HttpMessageConvertersAutoConfiguration, org.springframework.boot.autoconfigure.jackson.JacksonAutoConfiguration, org.springframework.boot.autoconfigure.jsonb.JsonbAutoConfiguration, org.springframework.boot.autoconfigure.mustache.MustacheAutoConfiguration, org.springframework.boot.autoconfigure.task.TaskExecutionAutoConfiguration, org.springframework.boot.autoconfigure.thymeleaf.ThymeleafAutoConfiguration, org.springframework.boot.autoconfigure.validation.ValidationAutoConfiguration, org.springframework.boot.autoconfigure.web.servlet.error.ErrorMvcAutoConfiguration, org.springframework.boot.autoconfigure.web.servlet.WebMvcAutoConfiguration, org.springframework.boot.test.autoconfigure.web.servlet.MockMvcAutoConfiguration, org.springframework.boot.test.autoconfigure.web.servlet.MockMvcSecurityAutoConfiguration, org.springframework.boot.test.autoconfigure.web.servlet.MockMvcWebClientAutoConfiguration, org.springframework.boot.test.autoconfigure.web.servlet.MockMvcWebDriverAutoConfiguration]], org.springframework.boot.test.context.filter.ExcludeFilterContextCustomizer@41fd0079, org.springframework.boot.test.json.DuplicateJsonObjectContextCustomizerFactory$DuplicateJsonObjectContextCustomizer@5874e98b, org.springframework.boot.test.mock.mockito.MockitoContextCustomizer@0], resourceBasePath = 'src/main/webapp', contextLoader = 'org.springframework.boot.test.context.SpringBootContextLoader', parent = [null]], attributes = map[[empty]]]].
14:16:37.514 [Test worker] DEBUG org.springframework.test.context.support.TestPropertySourceUtils - Adding inlined properties to environment: {spring.jmx.enabled=false, org.springframework.boot.test.autoconfigure.web.servlet.WebMvcTestContextBootstrapper=true, server.port=-1}

  .   ____          _            __ _ _
 /\\ / ___'_ __ _ _(_)_ __  __ _ \ \ \ \
( ( )\___ | '_ | '_| | '_ \/ _` | \ \ \ \
 \\/  ___)| |_)| | | | | || (_| |  ) ) ) )
  '  |____| .__|_| |_|_| |_\__, | / / / /
 =========|_|==============|___/=/_/_/_/
 :: Spring Boot ::        (v2.1.7.RELEASE)

2022-01-20 14:16:38.329  INFO 12372 --- [    Test worker] c.g.b.s.web.HelloControllerTest          : Starting HelloControllerTest on DESKTOP-PG3I4OF with PID 12372 (started by gmaru in C:\IdeaProjects\springboot-webService)
2022-01-20 14:16:38.333  INFO 12372 --- [    Test worker] c.g.b.s.web.HelloControllerTest          : No active profile set, falling back to default profiles: default
2022-01-20 14:16:41.597  INFO 12372 --- [    Test worker] o.s.s.concurrent.ThreadPoolTaskExecutor  : Initializing ExecutorService 'applicationTaskExecutor'
2022-01-20 14:16:41.818  INFO 12372 --- [    Test worker] o.s.b.a.w.s.WelcomePageHandlerMapping    : Adding welcome page template: index
2022-01-20 14:16:42.425  INFO 12372 --- [    Test worker] .s.s.UserDetailsServiceAutoConfiguration : 

Using generated security password: 12bd2dfc-2e96-4f4f-a10e-d69c78572c24

2022-01-20 14:16:42.856  INFO 12372 --- [    Test worker] o.s.s.web.DefaultSecurityFilterChain     : Creating filter chain: any request, [org.springframework.security.web.context.request.async.WebAsyncManagerIntegrationFilter@59e5b26f, org.springframework.security.web.context.SecurityContextPersistenceFilter@337b1030, org.springframework.security.web.header.HeaderWriterFilter@6dd8cdc, org.springframework.security.web.csrf.CsrfFilter@2df81619, org.springframework.security.web.authentication.logout.LogoutFilter@560ce723, org.springframework.security.web.authentication.UsernamePasswordAuthenticationFilter@244dc632, org.springframework.security.web.authentication.ui.DefaultLoginPageGeneratingFilter@433b7486, org.springframework.security.web.authentication.ui.DefaultLogoutPageGeneratingFilter@c6bd7af, org.springframework.security.web.authentication.www.BasicAuthenticationFilter@1712a73a, org.springframework.security.web.savedrequest.RequestCacheAwareFilter@58ef8073, org.springframework.security.web.servletapi.SecurityContextHolderAwareRequestFilter@73a5a633, org.springframework.security.web.authentication.AnonymousAuthenticationFilter@111c92de, org.springframework.security.web.session.SessionManagementFilter@3f8622bc, org.springframework.security.web.access.ExceptionTranslationFilter@42c25cf4, org.springframework.security.web.access.intercept.FilterSecurityInterceptor@60f69068]
2022-01-20 14:16:42.941  INFO 12372 --- [    Test worker] o.s.b.t.m.w.SpringBootMockServletContext : Initializing Spring TestDispatcherServlet ''
2022-01-20 14:16:42.942  INFO 12372 --- [    Test worker] o.s.t.web.servlet.TestDispatcherServlet  : Initializing Servlet ''
2022-01-20 14:16:42.973  INFO 12372 --- [    Test worker] o.s.t.web.servlet.TestDispatcherServlet  : Completed initialization in 31 ms
2022-01-20 14:16:43.061  INFO 12372 --- [    Test worker] c.g.b.s.web.HelloControllerTest          : Started HelloControllerTest in 5.517 seconds (JVM running for 8.837)
]]></system-out>
  <system-err><![CDATA[]]></system-err>
</testsuite>
